2022-09-21 16:03:56,550 [INFO] com.example.admincontact.AdminContactApplication [restartedMain] Starting AdminContactApplication using Java 17.0.1 on DESKTOP-O8QUISG with PID 692 (C:\Users\Dell\Downloads\online-railway-reservation-system\online-railway-reservation-system\admin-contact-service\target\classes started by Dell in C:\Users\Dell\Downloads\online-railway-reservation-system\online-railway-reservation-system\admin-contact-service)
2022-09-21 16:03:56,559 [INFO] com.example.admincontact.AdminContactApplication [restartedMain] No active profile set, falling back to default profiles: default
2022-09-21 16:03:56,683 [INFO] org.springframework.boot.devtools.env.DevToolsPropertyDefaultsPostProcessor [restartedMain] Devtools property defaults active! Set 'spring.devtools.add-properties' to 'false' to disable
2022-09-21 16:03:56,684 [INFO] org.springframework.boot.devtools.env.DevToolsPropertyDefaultsPostProcessor [restartedMain] For additional web related logging consider setting the 'logging.level.web' property to 'DEBUG'
2022-09-21 16:03:58,390 [INFO] org.springframework.data.repository.config.RepositoryConfigurationDelegate [restartedMain] Bootstrapping Spring Data MongoDB repositories in DEFAULT mode.
2022-09-21 16:03:58,621 [INFO] org.springframework.data.repository.config.RepositoryConfigurationDelegate [restartedMain] Finished Spring Data repository scanning in 223 ms. Found 1 MongoDB repository interfaces.
2022-09-21 16:03:59,151 [INFO] org.springframework.cloud.context.scope.GenericScope [restartedMain] BeanFactory id=c61c370c-06af-32be-a336-11d652008e40
2022-09-21 16:03:59,307 [INFO] org.springframework.context.support.PostProcessorRegistrationDelegate$BeanPostProcessorChecker [restartedMain] Bean 'org.springframework.cloud.client.loadbalancer.reactive.LoadBalancerBeanPostProcessorAutoConfiguration' of type [org.springframework.cloud.client.loadbalancer.reactive.LoadBalancerBeanPostProcessorAutoConfiguration] is not eligible for getting processed by all BeanPostProcessors (for example: not eligible for auto-proxying)
2022-09-21 16:03:59,309 [INFO] org.springframework.context.support.PostProcessorRegistrationDelegate$BeanPostProcessorChecker [restartedMain] Bean 'org.springframework.cloud.client.loadbalancer.reactive.LoadBalancerBeanPostProcessorAutoConfiguration$ReactorDeferringLoadBalancerFilterConfig' of type [org.springframework.cloud.client.loadbalancer.reactive.LoadBalancerBeanPostProcessorAutoConfiguration$ReactorDeferringLoadBalancerFilterConfig] is not eligible for getting processed by all BeanPostProcessors (for example: not eligible for auto-proxying)
2022-09-21 16:03:59,312 [INFO] org.springframework.context.support.PostProcessorRegistrationDelegate$BeanPostProcessorChecker [restartedMain] Bean 'reactorDeferringLoadBalancerExchangeFilterFunction' of type [org.springframework.cloud.client.loadbalancer.reactive.DeferringLoadBalancerExchangeFilterFunction] is not eligible for getting processed by all BeanPostProcessors (for example: not eligible for auto-proxying)
2022-09-21 16:03:59,840 [INFO] org.springframework.boot.web.embedded.tomcat.TomcatWebServer [restartedMain] Tomcat initialized with port(s): 9050 (http)
2022-09-21 16:03:59,854 [INFO] org.apache.catalina.core.StandardService [restartedMain] Starting service [Tomcat]
2022-09-21 16:03:59,855 [INFO] org.apache.catalina.core.StandardEngine [restartedMain] Starting Servlet engine: [Apache Tomcat/9.0.48]
2022-09-21 16:04:00,005 [INFO] org.apache.catalina.core.ContainerBase.[Tomcat].[localhost].[/] [restartedMain] Initializing Spring embedded WebApplicationContext
2022-09-21 16:04:00,006 [INFO] org.springframework.boot.web.servlet.context.ServletWebServerApplicationContext [restartedMain] Root WebApplicationContext: initialization completed in 3321 ms
2022-09-21 16:04:00,289 [INFO] org.mongodb.driver.cluster [restartedMain] Cluster created with settings {hosts=[localhost:27017], mode=SINGLE, requiredClusterType=UNKNOWN, serverSelectionTimeout='30000 ms'}
2022-09-21 16:04:00,443 [INFO] org.mongodb.driver.connection [cluster-rtt-ClusterId{value='632ae89856a6473682edc35a', description='null'}-localhost:27017] Opened connection [connectionId{localValue:2, serverValue:2}] to localhost:27017
2022-09-21 16:04:00,443 [INFO] org.mongodb.driver.connection [cluster-ClusterId{value='632ae89856a6473682edc35a', description='null'}-localhost:27017] Opened connection [connectionId{localValue:1, serverValue:1}] to localhost:27017
2022-09-21 16:04:00,443 [INFO] org.mongodb.driver.cluster [cluster-ClusterId{value='632ae89856a6473682edc35a', description='null'}-localhost:27017] Monitor thread successfully connected to server with description ServerDescription{address=localhost:27017, type=STANDALONE, state=CONNECTED, ok=true, minWireVersion=0, maxWireVersion=13, maxDocumentSize=16777216, logicalSessionTimeoutMinutes=30, roundTripTimeNanos=54241800}
2022-09-21 16:04:00,590 [WARN] org.springframework.data.convert.CustomConversions [restartedMain] Registering converter from class java.time.LocalDateTime to class org.joda.time.LocalDateTime as reading converter although it doesn't convert from a store-supported type! You might want to check your annotation setup at the converter implementation.
2022-09-21 16:04:00,761 [WARN] org.springframework.data.convert.CustomConversions [restartedMain] Registering converter from class java.time.LocalDateTime to class org.joda.time.LocalDateTime as reading converter although it doesn't convert from a store-supported type! You might want to check your annotation setup at the converter implementation.
2022-09-21 16:04:01,131 [INFO] org.springframework.boot.devtools.autoconfigure.OptionalLiveReloadServer [restartedMain] LiveReload server is running on port 35729
2022-09-21 16:04:02,039 [INFO] org.springframework.security.web.DefaultSecurityFilterChain [restartedMain] Will secure any request with [org.springframework.security.web.context.request.async.WebAsyncManagerIntegrationFilter@55ad7010, org.springframework.security.web.context.SecurityContextPersistenceFilter@476b3508, org.springframework.security.web.header.HeaderWriterFilter@5c1125b0, org.springframework.security.web.authentication.logout.LogoutFilter@771055ca, com.example.admincontact.security.JwtRequestFilter@42927756, org.springframework.security.web.savedrequest.RequestCacheAwareFilter@71a3e379, org.springframework.security.web.servletapi.SecurityContextHolderAwareRequestFilter@383cab1a, org.springframework.security.web.authentication.AnonymousAuthenticationFilter@28a4c5f3, org.springframework.security.web.session.SessionManagementFilter@54745cc6, org.springframework.security.web.access.ExceptionTranslationFilter@3a2b7e97, org.springframework.security.web.access.intercept.FilterSecurityInterceptor@570feac7]
2022-09-21 16:04:03,379 [INFO] org.springframework.cloud.netflix.eureka.config.DiscoveryClientOptionalArgsConfiguration [restartedMain] Eureka HTTP Client uses RestTemplate.
2022-09-21 16:04:03,949 [WARN] org.springframework.cloud.loadbalancer.config.LoadBalancerCacheAutoConfiguration$LoadBalancerCaffeineWarnLogger [restartedMain] Spring Cloud LoadBalancer is currently working with the default cache. While this cache implementation is useful for development and tests, it's recommended to use Caffeine cache in production.You can switch to using Caffeine cache, by adding it and org.springframework.cache.caffeine.CaffeineCacheManager to the classpath.
2022-09-21 16:04:04,117 [INFO] org.springframework.cloud.netflix.eureka.InstanceInfoFactory [restartedMain] Setting initial instance status as: STARTING
2022-09-21 16:04:04,186 [INFO] com.netflix.discovery.DiscoveryClient [restartedMain] Initializing Eureka in region us-east-1
2022-09-21 16:04:04,192 [INFO] com.netflix.discovery.shared.resolver.aws.ConfigClusterResolver [restartedMain] Resolving eureka endpoints via configuration
2022-09-21 16:04:04,224 [INFO] com.netflix.discovery.DiscoveryClient [restartedMain] Disable delta property : false
2022-09-21 16:04:04,225 [INFO] com.netflix.discovery.DiscoveryClient [restartedMain] Single vip registry refresh property : null
2022-09-21 16:04:04,225 [INFO] com.netflix.discovery.DiscoveryClient [restartedMain] Force full registry fetch : false
2022-09-21 16:04:04,225 [INFO] com.netflix.discovery.DiscoveryClient [restartedMain] Application is null : false
2022-09-21 16:04:04,225 [INFO] com.netflix.discovery.DiscoveryClient [restartedMain] Registered Applications size is zero : true
2022-09-21 16:04:04,225 [INFO] com.netflix.discovery.DiscoveryClient [restartedMain] Application version is -1: true
2022-09-21 16:04:04,225 [INFO] com.netflix.discovery.DiscoveryClient [restartedMain] Getting all instance registry info from the eureka server
2022-09-21 16:04:04,704 [INFO] com.netflix.discovery.DiscoveryClient [restartedMain] The response status is 200
2022-09-21 16:04:04,709 [INFO] com.netflix.discovery.DiscoveryClient [restartedMain] Starting heartbeat executor: renew interval is: 30
2022-09-21 16:04:04,717 [INFO] com.netflix.discovery.InstanceInfoReplicator [restartedMain] InstanceInfoReplicator onDemand update allowed rate per min is 4
2022-09-21 16:04:04,730 [INFO] com.netflix.discovery.DiscoveryClient [restartedMain] Discovery Client initialized at timestamp 1663756444729 with initial instances count: 0
2022-09-21 16:04:04,731 [INFO] org.springframework.cloud.netflix.eureka.serviceregistry.EurekaServiceRegistry [restartedMain] Registering application ADMIN-CONTACT-SERVICE with eureka with status UP
2022-09-21 16:04:04,732 [INFO] com.netflix.discovery.DiscoveryClient [restartedMain] Saw local status change event StatusChangeEvent [timestamp=1663756444732, current=UP, previous=STARTING]
2022-09-21 16:04:04,734 [INFO] com.netflix.discovery.DiscoveryClient [DiscoveryClient-InstanceInfoReplicator-0] DiscoveryClient_ADMIN-CONTACT-SERVICE/DESKTOP-O8QUISG:admin-contact-service:9050: registering service...
2022-09-21 16:04:04,759 [INFO] org.springframework.boot.web.embedded.tomcat.TomcatWebServer [restartedMain] Tomcat started on port(s): 9050 (http) with context path ''
2022-09-21 16:04:04,761 [INFO] org.springframework.cloud.netflix.eureka.serviceregistry.EurekaAutoServiceRegistration [restartedMain] Updating port to 9050
2022-09-21 16:04:04,882 [INFO] com.netflix.discovery.DiscoveryClient [DiscoveryClient-InstanceInfoReplicator-0] DiscoveryClient_ADMIN-CONTACT-SERVICE/DESKTOP-O8QUISG:admin-contact-service:9050 - registration status: 204
2022-09-21 16:04:05,187 [INFO] com.example.admincontact.AdminContactApplication [restartedMain] Started AdminContactApplication in 9.678 seconds (JVM running for 11.231)
2022-09-21 16:04:34,712 [INFO] com.netflix.discovery.DiscoveryClient [DiscoveryClient-CacheRefreshExecutor-0] Disable delta property : false
2022-09-21 16:04:34,713 [INFO] com.netflix.discovery.DiscoveryClient [DiscoveryClient-CacheRefreshExecutor-0] Single vip registry refresh property : null
2022-09-21 16:04:34,713 [INFO] com.netflix.discovery.DiscoveryClient [DiscoveryClient-CacheRefreshExecutor-0] Force full registry fetch : false
2022-09-21 16:04:34,714 [INFO] com.netflix.discovery.DiscoveryClient [DiscoveryClient-CacheRefreshExecutor-0] Application is null : false
2022-09-21 16:04:34,714 [INFO] com.netflix.discovery.DiscoveryClient [DiscoveryClient-CacheRefreshExecutor-0] Registered Applications size is zero : true
2022-09-21 16:04:34,714 [INFO] com.netflix.discovery.DiscoveryClient [DiscoveryClient-CacheRefreshExecutor-0] Application version is -1: false
2022-09-21 16:04:34,714 [INFO] com.netflix.discovery.DiscoveryClient [DiscoveryClient-CacheRefreshExecutor-0] Getting all instance registry info from the eureka server
2022-09-21 16:04:34,727 [INFO] com.netflix.discovery.DiscoveryClient [DiscoveryClient-CacheRefreshExecutor-0] The response status is 200
2022-09-21 16:06:16,813 [INFO] org.apache.catalina.core.ContainerBase.[Tomcat].[localhost].[/] [http-nio-9050-exec-1] Initializing Spring DispatcherServlet 'dispatcherServlet'
2022-09-21 16:06:16,813 [INFO] org.springframework.web.servlet.DispatcherServlet [http-nio-9050-exec-1] Initializing Servlet 'dispatcherServlet'
2022-09-21 16:06:16,814 [INFO] org.springframework.web.servlet.DispatcherServlet [http-nio-9050-exec-1] Completed initialization in 1 ms
2022-09-21 16:06:17,212 [ERROR] springfox.documentation.swagger2.mappers.ReferenceModelSpecificationToPropertyConverter [http-nio-9050-exec-1] Unable to find a model that matches key ModelKey{qualifiedModelName=ModelName{namespace='com.example.admincontact.security', name='AuthenticationResponse'}, viewDiscriminator=null, validationGroupDiscriminators=[], isResponse=true}
2022-09-21 16:06:17,217 [ERROR] springfox.documentation.swagger2.mappers.ReferenceModelSpecificationToPropertyConverter [http-nio-9050-exec-1] Unable to find a model that matches key ModelKey{qualifiedModelName=ModelName{namespace='com.example.admincontact.model', name='Admin'}, viewDiscriminator=null, validationGroupDiscriminators=[], isResponse=true}
2022-09-21 16:06:17,218 [ERROR] springfox.documentation.swagger2.mappers.ReferenceModelSpecificationToPropertyConverter [http-nio-9050-exec-1] Unable to find a model that matches key ModelKey{qualifiedModelName=ModelName{namespace='com.example.admincontact.model', name='Admin'}, viewDiscriminator=null, validationGroupDiscriminators=[], isResponse=true}
2022-09-21 16:06:17,219 [ERROR] springfox.documentation.swagger2.mappers.ReferenceModelSpecificationToPropertyConverter [http-nio-9050-exec-1] Unable to find a model that matches key ModelKey{qualifiedModelName=ModelName{namespace='com.example.admincontact.model', name='Admin'}, viewDiscriminator=null, validationGroupDiscriminators=[], isResponse=true}
2022-09-21 16:06:17,219 [ERROR] springfox.documentation.swagger2.mappers.ReferenceModelSpecificationToPropertyConverter [http-nio-9050-exec-1] Unable to find a model that matches key ModelKey{qualifiedModelName=ModelName{namespace='com.example.admincontact.model', name='UserModel'}, viewDiscriminator=null, validationGroupDiscriminators=[], isResponse=true}
2022-09-21 16:06:17,219 [ERROR] springfox.documentation.swagger2.mappers.ReferenceModelSpecificationToPropertyConverter [http-nio-9050-exec-1] Unable to find a model that matches key ModelKey{qualifiedModelName=ModelName{namespace='com.example.admincontact.model', name='UserModel'}, viewDiscriminator=null, validationGroupDiscriminators=[], isResponse=true}
2022-09-21 16:06:17,220 [ERROR] springfox.documentation.swagger2.mappers.ReferenceModelSpecificationToPropertyConverter [http-nio-9050-exec-1] Unable to find a model that matches key ModelKey{qualifiedModelName=ModelName{namespace='com.example.admincontact.model', name='Admin'}, viewDiscriminator=null, validationGroupDiscriminators=[], isResponse=true}
2022-09-21 16:09:04,229 [INFO] com.netflix.discovery.shared.resolver.aws.ConfigClusterResolver [AsyncResolver-bootstrap-executor-0] Resolving eureka endpoints via configuration
2022-09-21 16:13:49,019 [INFO] org.mongodb.driver.connection [http-nio-9050-exec-8] Opened connection [connectionId{localValue:3, serverValue:26}] to localhost:27017
2022-09-21 16:13:49,179 [INFO] com.example.admincontact.controller.AdminContactController [http-nio-9050-exec-8] -----------------------Admin login successfull-------------------
2022-09-21 16:13:56,956 [INFO] com.example.admincontact.controller.AdminContactController [http-nio-9050-exec-7] ----------------------- All User -------------------
2022-09-21 16:14:04,232 [INFO] com.netflix.discovery.shared.resolver.aws.ConfigClusterResolver [AsyncResolver-bootstrap-executor-0] Resolving eureka endpoints via configuration
2022-09-21 16:19:04,234 [INFO] com.netflix.discovery.shared.resolver.aws.ConfigClusterResolver [AsyncResolver-bootstrap-executor-0] Resolving eureka endpoints via configuration
2022-09-21 16:24:04,236 [INFO] com.netflix.discovery.shared.resolver.aws.ConfigClusterResolver [AsyncResolver-bootstrap-executor-0] Resolving eureka endpoints via configuration
2022-09-21 16:29:04,239 [INFO] com.netflix.discovery.shared.resolver.aws.ConfigClusterResolver [AsyncResolver-bootstrap-executor-0] Resolving eureka endpoints via configuration
2022-09-21 16:34:04,241 [INFO] com.netflix.discovery.shared.resolver.aws.ConfigClusterResolver [AsyncResolver-bootstrap-executor-0] Resolving eureka endpoints via configuration
2022-09-21 16:39:04,243 [INFO] com.netflix.discovery.shared.resolver.aws.ConfigClusterResolver [AsyncResolver-bootstrap-executor-0] Resolving eureka endpoints via configuration
2022-09-21 16:44:04,257 [INFO] com.netflix.discovery.shared.resolver.aws.ConfigClusterResolver [AsyncResolver-bootstrap-executor-0] Resolving eureka endpoints via configuration
2022-09-21 16:48:46,870 [INFO] org.springframework.boot.admin.SpringApplicationAdminMXBeanRegistrar$SpringApplicationAdmin [RMI TCP Connection(55)-127.0.0.1] Application shutdown requested.
2022-09-21 16:48:46,872 [INFO] org.springframework.cloud.netflix.eureka.serviceregistry.EurekaServiceRegistry [RMI TCP Connection(55)-127.0.0.1] Unregistering application ADMIN-CONTACT-SERVICE with eureka with status DOWN
2022-09-21 16:48:46,872 [INFO] com.netflix.discovery.DiscoveryClient [RMI TCP Connection(55)-127.0.0.1] Saw local status change event StatusChangeEvent [timestamp=1663759126872, current=DOWN, previous=UP]
2022-09-21 16:48:46,872 [INFO] com.netflix.discovery.DiscoveryClient [DiscoveryClient-InstanceInfoReplicator-0] DiscoveryClient_ADMIN-CONTACT-SERVICE/DESKTOP-O8QUISG:admin-contact-service:9050: registering service...
2022-09-21 16:48:46,878 [INFO] com.netflix.discovery.DiscoveryClient [DiscoveryClient-InstanceInfoReplicator-0] DiscoveryClient_ADMIN-CONTACT-SERVICE/DESKTOP-O8QUISG:admin-contact-service:9050 - registration status: 204
2022-09-21 16:48:46,927 [INFO] org.mongodb.driver.connection [RMI TCP Connection(55)-127.0.0.1] Closed connection [connectionId{localValue:3, serverValue:26}] to localhost:27017 because the pool has been closed.
2022-09-21 16:48:46,928 [INFO] com.netflix.discovery.DiscoveryClient [RMI TCP Connection(55)-127.0.0.1] Shutting down DiscoveryClient ...
2022-09-21 16:48:49,951 [INFO] com.netflix.discovery.DiscoveryClient [RMI TCP Connection(55)-127.0.0.1] Unregistering ...
2022-09-21 16:48:49,955 [INFO] com.netflix.discovery.DiscoveryClient [RMI TCP Connection(55)-127.0.0.1] DiscoveryClient_ADMIN-CONTACT-SERVICE/DESKTOP-O8QUISG:admin-contact-service:9050 - deregister  status: 200
2022-09-21 16:48:50,007 [INFO] com.netflix.discovery.DiscoveryClient [RMI TCP Connection(55)-127.0.0.1] Completed shut down of DiscoveryClient
