2022-09-21 16:05:13,547 [INFO] com.example.user.UserServiceApplication [restartedMain] Starting UserServiceApplication using Java 17.0.1 on DESKTOP-O8QUISG with PID 3492 (C:\Users\Dell\Downloads\online-railway-reservation-system\online-railway-reservation-system\user-service\target\classes started by Dell in C:\Users\Dell\Downloads\online-railway-reservation-system\online-railway-reservation-system\user-service)
2022-09-21 16:05:13,552 [INFO] com.example.user.UserServiceApplication [restartedMain] No active profile set, falling back to default profiles: default
2022-09-21 16:05:13,606 [INFO] org.springframework.boot.devtools.env.DevToolsPropertyDefaultsPostProcessor [restartedMain] Devtools property defaults active! Set 'spring.devtools.add-properties' to 'false' to disable
2022-09-21 16:05:13,607 [INFO] org.springframework.boot.devtools.env.DevToolsPropertyDefaultsPostProcessor [restartedMain] For additional web related logging consider setting the 'logging.level.web' property to 'DEBUG'
2022-09-21 16:05:14,572 [INFO] org.springframework.data.repository.config.RepositoryConfigurationDelegate [restartedMain] Bootstrapping Spring Data MongoDB repositories in DEFAULT mode.
2022-09-21 16:05:14,722 [INFO] org.springframework.data.repository.config.RepositoryConfigurationDelegate [restartedMain] Finished Spring Data repository scanning in 145 ms. Found 1 MongoDB repository interfaces.
2022-09-21 16:05:15,083 [INFO] org.springframework.cloud.context.scope.GenericScope [restartedMain] BeanFactory id=2af94707-3057-3604-8f61-10b9227b8ae5
2022-09-21 16:05:15,195 [INFO] org.springframework.context.support.PostProcessorRegistrationDelegate$BeanPostProcessorChecker [restartedMain] Bean 'org.springframework.cloud.client.loadbalancer.reactive.LoadBalancerBeanPostProcessorAutoConfiguration' of type [org.springframework.cloud.client.loadbalancer.reactive.LoadBalancerBeanPostProcessorAutoConfiguration] is not eligible for getting processed by all BeanPostProcessors (for example: not eligible for auto-proxying)
2022-09-21 16:05:15,196 [INFO] org.springframework.context.support.PostProcessorRegistrationDelegate$BeanPostProcessorChecker [restartedMain] Bean 'org.springframework.cloud.client.loadbalancer.reactive.LoadBalancerBeanPostProcessorAutoConfiguration$ReactorDeferringLoadBalancerFilterConfig' of type [org.springframework.cloud.client.loadbalancer.reactive.LoadBalancerBeanPostProcessorAutoConfiguration$ReactorDeferringLoadBalancerFilterConfig] is not eligible for getting processed by all BeanPostProcessors (for example: not eligible for auto-proxying)
2022-09-21 16:05:15,198 [INFO] org.springframework.context.support.PostProcessorRegistrationDelegate$BeanPostProcessorChecker [restartedMain] Bean 'reactorDeferringLoadBalancerExchangeFilterFunction' of type [org.springframework.cloud.client.loadbalancer.reactive.DeferringLoadBalancerExchangeFilterFunction] is not eligible for getting processed by all BeanPostProcessors (for example: not eligible for auto-proxying)
2022-09-21 16:05:15,610 [INFO] org.springframework.boot.web.embedded.tomcat.TomcatWebServer [restartedMain] Tomcat initialized with port(s): 9054 (http)
2022-09-21 16:05:15,619 [INFO] org.apache.catalina.core.StandardService [restartedMain] Starting service [Tomcat]
2022-09-21 16:05:15,619 [INFO] org.apache.catalina.core.StandardEngine [restartedMain] Starting Servlet engine: [Apache Tomcat/9.0.48]
2022-09-21 16:05:15,727 [INFO] org.apache.catalina.core.ContainerBase.[Tomcat].[localhost].[/] [restartedMain] Initializing Spring embedded WebApplicationContext
2022-09-21 16:05:15,727 [INFO] org.springframework.boot.web.servlet.context.ServletWebServerApplicationContext [restartedMain] Root WebApplicationContext: initialization completed in 2119 ms
2022-09-21 16:05:15,839 [INFO] org.mongodb.driver.cluster [restartedMain] Cluster created with settings {hosts=[localhost:27017], mode=SINGLE, requiredClusterType=UNKNOWN, serverSelectionTimeout='30000 ms'}
2022-09-21 16:05:15,904 [INFO] org.mongodb.driver.connection [cluster-ClusterId{value='632ae8e3c38bde517a623f4c', description='null'}-localhost:27017] Opened connection [connectionId{localValue:2, serverValue:10}] to localhost:27017
2022-09-21 16:05:15,904 [INFO] org.mongodb.driver.connection [cluster-rtt-ClusterId{value='632ae8e3c38bde517a623f4c', description='null'}-localhost:27017] Opened connection [connectionId{localValue:1, serverValue:9}] to localhost:27017
2022-09-21 16:05:15,904 [INFO] org.mongodb.driver.cluster [cluster-ClusterId{value='632ae8e3c38bde517a623f4c', description='null'}-localhost:27017] Monitor thread successfully connected to server with description ServerDescription{address=localhost:27017, type=STANDALONE, state=CONNECTED, ok=true, minWireVersion=0, maxWireVersion=13, maxDocumentSize=16777216, logicalSessionTimeoutMinutes=30, roundTripTimeNanos=22429400}
2022-09-21 16:05:15,948 [WARN] org.springframework.data.convert.CustomConversions [restartedMain] Registering converter from class java.time.LocalDateTime to class org.joda.time.LocalDateTime as reading converter although it doesn't convert from a store-supported type! You might want to check your annotation setup at the converter implementation.
2022-09-21 16:05:16,016 [WARN] org.springframework.data.convert.CustomConversions [restartedMain] Registering converter from class java.time.LocalDateTime to class org.joda.time.LocalDateTime as reading converter although it doesn't convert from a store-supported type! You might want to check your annotation setup at the converter implementation.
2022-09-21 16:05:16,247 [WARN] org.springframework.boot.devtools.autoconfigure.OptionalLiveReloadServer [restartedMain] Unable to start LiveReload server
2022-09-21 16:05:16,808 [INFO] org.springframework.security.web.DefaultSecurityFilterChain [restartedMain] Will secure any request with [org.springframework.security.web.context.request.async.WebAsyncManagerIntegrationFilter@324bbdfd, org.springframework.security.web.context.SecurityContextPersistenceFilter@6f515f77, org.springframework.security.web.header.HeaderWriterFilter@3a994771, org.springframework.security.web.authentication.logout.LogoutFilter@53e159c8, com.example.user.security.JwtRequestFilter@75e91bb5, org.springframework.security.web.savedrequest.RequestCacheAwareFilter@b57c84a, org.springframework.security.web.servletapi.SecurityContextHolderAwareRequestFilter@66fe26a0, org.springframework.security.web.authentication.AnonymousAuthenticationFilter@63ac56c4, org.springframework.security.web.session.SessionManagementFilter@6a68ec1f, org.springframework.security.web.access.ExceptionTranslationFilter@7c7f4e3d, org.springframework.security.web.access.intercept.FilterSecurityInterceptor@68ad6480]
2022-09-21 16:05:17,435 [INFO] org.springframework.cloud.netflix.eureka.config.DiscoveryClientOptionalArgsConfiguration [restartedMain] Eureka HTTP Client uses RestTemplate.
2022-09-21 16:05:17,700 [WARN] org.springframework.cloud.loadbalancer.config.LoadBalancerCacheAutoConfiguration$LoadBalancerCaffeineWarnLogger [restartedMain] Spring Cloud LoadBalancer is currently working with the default cache. While this cache implementation is useful for development and tests, it's recommended to use Caffeine cache in production.You can switch to using Caffeine cache, by adding it and org.springframework.cache.caffeine.CaffeineCacheManager to the classpath.
2022-09-21 16:05:17,849 [INFO] org.springframework.cloud.netflix.eureka.InstanceInfoFactory [restartedMain] Setting initial instance status as: STARTING
2022-09-21 16:05:17,897 [INFO] com.netflix.discovery.DiscoveryClient [restartedMain] Initializing Eureka in region us-east-1
2022-09-21 16:05:17,902 [INFO] com.netflix.discovery.shared.resolver.aws.ConfigClusterResolver [restartedMain] Resolving eureka endpoints via configuration
2022-09-21 16:05:17,929 [INFO] com.netflix.discovery.DiscoveryClient [restartedMain] Disable delta property : false
2022-09-21 16:05:17,929 [INFO] com.netflix.discovery.DiscoveryClient [restartedMain] Single vip registry refresh property : null
2022-09-21 16:05:17,929 [INFO] com.netflix.discovery.DiscoveryClient [restartedMain] Force full registry fetch : false
2022-09-21 16:05:17,929 [INFO] com.netflix.discovery.DiscoveryClient [restartedMain] Application is null : false
2022-09-21 16:05:17,929 [INFO] com.netflix.discovery.DiscoveryClient [restartedMain] Registered Applications size is zero : true
2022-09-21 16:05:17,929 [INFO] com.netflix.discovery.DiscoveryClient [restartedMain] Application version is -1: true
2022-09-21 16:05:17,930 [INFO] com.netflix.discovery.DiscoveryClient [restartedMain] Getting all instance registry info from the eureka server
2022-09-21 16:05:18,168 [INFO] com.netflix.discovery.DiscoveryClient [restartedMain] The response status is 200
2022-09-21 16:05:18,173 [INFO] com.netflix.discovery.DiscoveryClient [restartedMain] Starting heartbeat executor: renew interval is: 30
2022-09-21 16:05:18,179 [INFO] com.netflix.discovery.InstanceInfoReplicator [restartedMain] InstanceInfoReplicator onDemand update allowed rate per min is 4
2022-09-21 16:05:18,191 [INFO] com.netflix.discovery.DiscoveryClient [restartedMain] Discovery Client initialized at timestamp 1663756518190 with initial instances count: 3
2022-09-21 16:05:18,192 [INFO] org.springframework.cloud.netflix.eureka.serviceregistry.EurekaServiceRegistry [restartedMain] Registering application USER-SERVICE with eureka with status UP
2022-09-21 16:05:18,193 [INFO] com.netflix.discovery.DiscoveryClient [restartedMain] Saw local status change event StatusChangeEvent [timestamp=1663756518193, current=UP, previous=STARTING]
2022-09-21 16:05:18,194 [INFO] com.netflix.discovery.DiscoveryClient [DiscoveryClient-InstanceInfoReplicator-0] DiscoveryClient_USER-SERVICE/DESKTOP-O8QUISG:user-Service:9054: registering service...
2022-09-21 16:05:18,215 [INFO] org.springframework.boot.web.embedded.tomcat.TomcatWebServer [restartedMain] Tomcat started on port(s): 9054 (http) with context path ''
2022-09-21 16:05:18,217 [INFO] org.springframework.cloud.netflix.eureka.serviceregistry.EurekaAutoServiceRegistration [restartedMain] Updating port to 9054
2022-09-21 16:05:18,237 [INFO] com.netflix.discovery.DiscoveryClient [DiscoveryClient-InstanceInfoReplicator-0] DiscoveryClient_USER-SERVICE/DESKTOP-O8QUISG:user-Service:9054 - registration status: 204
2022-09-21 16:05:18,631 [INFO] org.springframework.amqp.rabbit.connection.CachingConnectionFactory [restartedMain] Attempting to connect to: [localhost:5672]
2022-09-21 16:05:18,710 [INFO] org.springframework.amqp.rabbit.connection.CachingConnectionFactory [restartedMain] Created new connection: rabbitConnectionFactory#9fa5898:0/SimpleConnection@5ead30e [delegate=amqp://guest@127.0.0.1:5672/, localPort= 51840]
2022-09-21 16:05:18,812 [INFO] com.example.user.UserServiceApplication [restartedMain] Started UserServiceApplication in 5.816 seconds (JVM running for 6.631)
2022-09-21 16:10:17,935 [INFO] com.netflix.discovery.shared.resolver.aws.ConfigClusterResolver [AsyncResolver-bootstrap-executor-0] Resolving eureka endpoints via configuration
2022-09-21 16:13:57,206 [INFO] org.apache.catalina.core.ContainerBase.[Tomcat].[localhost].[/] [http-nio-9054-exec-1] Initializing Spring DispatcherServlet 'dispatcherServlet'
2022-09-21 16:13:57,206 [INFO] org.springframework.web.servlet.DispatcherServlet [http-nio-9054-exec-1] Initializing Servlet 'dispatcherServlet'
2022-09-21 16:13:57,212 [INFO] org.springframework.web.servlet.DispatcherServlet [http-nio-9054-exec-1] Completed initialization in 5 ms
2022-09-21 16:13:57,261 [INFO] com.example.user.controller.UserController [http-nio-9054-exec-1] ----------------------- All User -------------------
2022-09-21 16:13:57,317 [INFO] org.mongodb.driver.connection [http-nio-9054-exec-1] Opened connection [connectionId{localValue:3, serverValue:27}] to localhost:27017
2022-09-21 16:15:17,943 [INFO] com.netflix.discovery.shared.resolver.aws.ConfigClusterResolver [AsyncResolver-bootstrap-executor-0] Resolving eureka endpoints via configuration
2022-09-21 16:16:41,578 [INFO] com.example.user.controller.UserController [http-nio-9054-exec-3] -----------------------User Created-------------------
2022-09-21 16:16:53,309 [INFO] com.example.user.controller.UserController [http-nio-9054-exec-4] -----------------------User login successfull-------------------
2022-09-21 16:20:17,944 [INFO] com.netflix.discovery.shared.resolver.aws.ConfigClusterResolver [AsyncResolver-bootstrap-executor-0] Resolving eureka endpoints via configuration
2022-09-21 16:20:26,937 [INFO] com.example.user.controller.UserController [http-nio-9054-exec-7] -----------------------User login successfull-------------------
2022-09-21 16:25:17,947 [INFO] com.netflix.discovery.shared.resolver.aws.ConfigClusterResolver [AsyncResolver-bootstrap-executor-0] Resolving eureka endpoints via configuration
2022-09-21 16:30:17,949 [INFO] com.netflix.discovery.shared.resolver.aws.ConfigClusterResolver [AsyncResolver-bootstrap-executor-0] Resolving eureka endpoints via configuration
2022-09-21 16:35:17,950 [INFO] com.netflix.discovery.shared.resolver.aws.ConfigClusterResolver [AsyncResolver-bootstrap-executor-0] Resolving eureka endpoints via configuration
2022-09-21 16:39:57,787 [INFO] org.springframework.boot.admin.SpringApplicationAdminMXBeanRegistrar$SpringApplicationAdmin [RMI TCP Connection(44)-127.0.0.1] Application shutdown requested.
2022-09-21 16:39:57,790 [INFO] org.springframework.cloud.netflix.eureka.serviceregistry.EurekaServiceRegistry [RMI TCP Connection(44)-127.0.0.1] Unregistering application USER-SERVICE with eureka with status DOWN
2022-09-21 16:39:57,790 [INFO] com.netflix.discovery.DiscoveryClient [RMI TCP Connection(44)-127.0.0.1] Saw local status change event StatusChangeEvent [timestamp=1663758597790, current=DOWN, previous=UP]
2022-09-21 16:39:57,790 [INFO] com.netflix.discovery.DiscoveryClient [DiscoveryClient-InstanceInfoReplicator-0] DiscoveryClient_USER-SERVICE/DESKTOP-O8QUISG:user-Service:9054: registering service...
2022-09-21 16:39:57,797 [INFO] com.netflix.discovery.DiscoveryClient [DiscoveryClient-InstanceInfoReplicator-0] DiscoveryClient_USER-SERVICE/DESKTOP-O8QUISG:user-Service:9054 - registration status: 204
2022-09-21 16:39:57,799 [INFO] org.springframework.amqp.rabbit.listener.SimpleMessageListenerContainer [RMI TCP Connection(44)-127.0.0.1] Waiting for workers to finish.
2022-09-21 16:39:57,825 [INFO] org.springframework.amqp.rabbit.listener.SimpleMessageListenerContainer [RMI TCP Connection(44)-127.0.0.1] Successfully waited for workers to finish.
2022-09-21 16:39:57,892 [INFO] org.mongodb.driver.connection [RMI TCP Connection(44)-127.0.0.1] Closed connection [connectionId{localValue:3, serverValue:27}] to localhost:27017 because the pool has been closed.
2022-09-21 16:39:57,894 [INFO] com.netflix.discovery.DiscoveryClient [RMI TCP Connection(44)-127.0.0.1] Shutting down DiscoveryClient ...
