2022-09-21 16:05:04,906 [INFO] com.example.train.TrainServiceApplication [restartedMain] Starting TrainServiceApplication using Java 17.0.1 on DESKTOP-O8QUISG with PID 9772 (C:\Users\Dell\Downloads\online-railway-reservation-system\online-railway-reservation-system\train-service\target\classes started by Dell in C:\Users\Dell\Downloads\online-railway-reservation-system\online-railway-reservation-system\train-service)
2022-09-21 16:05:04,910 [INFO] com.example.train.TrainServiceApplication [restartedMain] No active profile set, falling back to 1 default profile: "default"
2022-09-21 16:05:04,964 [INFO] org.springframework.boot.devtools.env.DevToolsPropertyDefaultsPostProcessor [restartedMain] Devtools property defaults active! Set 'spring.devtools.add-properties' to 'false' to disable
2022-09-21 16:05:04,965 [INFO] org.springframework.boot.devtools.env.DevToolsPropertyDefaultsPostProcessor [restartedMain] For additional web related logging consider setting the 'logging.level.web' property to 'DEBUG'
2022-09-21 16:05:05,824 [INFO] org.springframework.data.repository.config.RepositoryConfigurationDelegate [restartedMain] Bootstrapping Spring Data MongoDB repositories in DEFAULT mode.
2022-09-21 16:05:05,962 [INFO] org.springframework.data.repository.config.RepositoryConfigurationDelegate [restartedMain] Finished Spring Data repository scanning in 133 ms. Found 1 MongoDB repository interfaces.
2022-09-21 16:05:06,194 [INFO] org.springframework.cloud.context.scope.GenericScope [restartedMain] BeanFactory id=02920764-4d8f-38ef-9079-ba4a1c64c946
2022-09-21 16:05:06,723 [INFO] org.springframework.boot.web.embedded.tomcat.TomcatWebServer [restartedMain] Tomcat initialized with port(s): 9053 (http)
2022-09-21 16:05:06,733 [INFO] org.apache.catalina.core.StandardService [restartedMain] Starting service [Tomcat]
2022-09-21 16:05:06,733 [INFO] org.apache.catalina.core.StandardEngine [restartedMain] Starting Servlet engine: [Apache Tomcat/9.0.64]
2022-09-21 16:05:06,823 [INFO] org.apache.catalina.core.ContainerBase.[Tomcat].[localhost].[/] [restartedMain] Initializing Spring embedded WebApplicationContext
2022-09-21 16:05:06,824 [INFO] org.springframework.boot.web.servlet.context.ServletWebServerApplicationContext [restartedMain] Root WebApplicationContext: initialization completed in 1859 ms
2022-09-21 16:05:07,014 [INFO] org.mongodb.driver.client [restartedMain] MongoClient with metadata {"driver": {"name": "mongo-java-driver|sync|spring-boot", "version": "4.6.1"}, "os": {"type": "Windows", "name": "Windows 10", "architecture": "amd64", "version": "10.0"}, "platform": "Java/Eclipse Adoptium/17.0.1+12"} created with settings MongoClientSettings{readPreference=primary, writeConcern=WriteConcern{w=null, wTimeout=null ms, journal=null}, retryWrites=true, retryReads=true, readConcern=ReadConcern{level=null}, credential=null, streamFactoryFactory=null, commandListeners=[], codecRegistry=ProvidersCodecRegistry{codecProviders=[ValueCodecProvider{}, BsonValueCodecProvider{}, DBRefCodecProvider{}, DBObjectCodecProvider{}, DocumentCodecProvider{}, IterableCodecProvider{}, MapCodecProvider{}, GeoJsonCodecProvider{}, GridFSFileCodecProvider{}, Jsr310CodecProvider{}, JsonObjectCodecProvider{}, BsonCodecProvider{}, EnumCodecProvider{}, com.mongodb.Jep395RecordCodecProvider@2e75ded4]}, clusterSettings={hosts=[localhost:27017], srvServiceName=mongodb, mode=SINGLE, requiredClusterType=UNKNOWN, requiredReplicaSetName='null', serverSelector='null', clusterListeners='[]', serverSelectionTimeout='30000 ms', localThreshold='30000 ms'}, socketSettings=SocketSettings{connectTimeoutMS=10000, readTimeoutMS=0, receiveBufferSize=0, sendBufferSize=0}, heartbeatSocketSettings=SocketSettings{connectTimeoutMS=10000, readTimeoutMS=10000, receiveBufferSize=0, sendBufferSize=0}, connectionPoolSettings=ConnectionPoolSettings{maxSize=100, minSize=0, maxWaitTimeMS=120000, maxConnectionLifeTimeMS=0, maxConnectionIdleTimeMS=0, maintenanceInitialDelayMS=0, maintenanceFrequencyMS=60000, connectionPoolListeners=[], maxConnecting=2}, serverSettings=ServerSettings{heartbeatFrequencyMS=10000, minHeartbeatFrequencyMS=500, serverListeners='[]', serverMonitorListeners='[]'}, sslSettings=SslSettings{enabled=false, invalidHostNameAllowed=false, context=null}, applicationName='null', compressorList=[], uuidRepresentation=JAVA_LEGACY, serverApi=null, autoEncryptionSettings=null, contextProvider=null}
2022-09-21 16:05:07,029 [INFO] org.mongodb.driver.connection [cluster-rtt-ClusterId{value='632ae8da4fb5a71dec06ef3e', description='null'}-localhost:27017] Opened connection [connectionId{localValue:2, serverValue:7}] to localhost:27017
2022-09-21 16:05:07,029 [INFO] org.mongodb.driver.connection [cluster-ClusterId{value='632ae8da4fb5a71dec06ef3e', description='null'}-localhost:27017] Opened connection [connectionId{localValue:1, serverValue:8}] to localhost:27017
2022-09-21 16:05:07,030 [INFO] org.mongodb.driver.cluster [cluster-ClusterId{value='632ae8da4fb5a71dec06ef3e', description='null'}-localhost:27017] Monitor thread successfully connected to server with description ServerDescription{address=localhost:27017, type=STANDALONE, state=CONNECTED, ok=true, minWireVersion=0, maxWireVersion=13, maxDocumentSize=16777216, logicalSessionTimeoutMinutes=30, roundTripTimeNanos=25930100}
2022-09-21 16:05:07,089 [WARN] org.springframework.data.convert.CustomConversions [restartedMain] Registering converter from class java.time.LocalDateTime to class org.joda.time.LocalDateTime as reading converter although it doesn't convert from a store-supported type; You might want to check your annotation setup at the converter implementation
2022-09-21 16:05:07,174 [WARN] org.springframework.boot.devtools.autoconfigure.OptionalLiveReloadServer [restartedMain] Unable to start LiveReload server
2022-09-21 16:05:07,219 [WARN] org.springframework.data.convert.CustomConversions [restartedMain] Registering converter from class java.time.LocalDateTime to class org.joda.time.LocalDateTime as reading converter although it doesn't convert from a store-supported type; You might want to check your annotation setup at the converter implementation
2022-09-21 16:05:08,585 [INFO] org.springframework.cloud.netflix.eureka.config.DiscoveryClientOptionalArgsConfiguration [restartedMain] Eureka HTTP Client uses RestTemplate.
2022-09-21 16:05:08,757 [WARN] org.springframework.cloud.loadbalancer.config.LoadBalancerCacheAutoConfiguration$LoadBalancerCaffeineWarnLogger [restartedMain] Spring Cloud LoadBalancer is currently working with the default cache. While this cache implementation is useful for development and tests, it's recommended to use Caffeine cache in production.You can switch to using Caffeine cache, by adding it and org.springframework.cache.caffeine.CaffeineCacheManager to the classpath.
2022-09-21 16:05:08,855 [INFO] org.springframework.cloud.netflix.eureka.InstanceInfoFactory [restartedMain] Setting initial instance status as: STARTING
2022-09-21 16:05:08,904 [INFO] com.netflix.discovery.DiscoveryClient [restartedMain] Initializing Eureka in region us-east-1
2022-09-21 16:05:08,911 [INFO] com.netflix.discovery.shared.resolver.aws.ConfigClusterResolver [restartedMain] Resolving eureka endpoints via configuration
2022-09-21 16:05:08,942 [INFO] com.netflix.discovery.DiscoveryClient [restartedMain] Disable delta property : false
2022-09-21 16:05:08,942 [INFO] com.netflix.discovery.DiscoveryClient [restartedMain] Single vip registry refresh property : null
2022-09-21 16:05:08,942 [INFO] com.netflix.discovery.DiscoveryClient [restartedMain] Force full registry fetch : false
2022-09-21 16:05:08,942 [INFO] com.netflix.discovery.DiscoveryClient [restartedMain] Application is null : false
2022-09-21 16:05:08,943 [INFO] com.netflix.discovery.DiscoveryClient [restartedMain] Registered Applications size is zero : true
2022-09-21 16:05:08,943 [INFO] com.netflix.discovery.DiscoveryClient [restartedMain] Application version is -1: true
2022-09-21 16:05:08,943 [INFO] com.netflix.discovery.DiscoveryClient [restartedMain] Getting all instance registry info from the eureka server
2022-09-21 16:05:09,181 [INFO] com.netflix.discovery.DiscoveryClient [restartedMain] The response status is 200
2022-09-21 16:05:09,187 [INFO] com.netflix.discovery.DiscoveryClient [restartedMain] Starting heartbeat executor: renew interval is: 30
2022-09-21 16:05:09,193 [INFO] com.netflix.discovery.InstanceInfoReplicator [restartedMain] InstanceInfoReplicator onDemand update allowed rate per min is 4
2022-09-21 16:05:09,205 [INFO] com.netflix.discovery.DiscoveryClient [restartedMain] Discovery Client initialized at timestamp 1663756509204 with initial instances count: 3
2022-09-21 16:05:09,206 [INFO] org.springframework.cloud.netflix.eureka.serviceregistry.EurekaServiceRegistry [restartedMain] Registering application TRAIN-SERVICE with eureka with status UP
2022-09-21 16:05:09,207 [INFO] com.netflix.discovery.DiscoveryClient [restartedMain] Saw local status change event StatusChangeEvent [timestamp=1663756509207, current=UP, previous=STARTING]
2022-09-21 16:05:09,209 [INFO] com.netflix.discovery.DiscoveryClient [DiscoveryClient-InstanceInfoReplicator-0] DiscoveryClient_TRAIN-SERVICE/DESKTOP-O8QUISG:train-Service:9053: registering service...
2022-09-21 16:05:09,235 [INFO] org.springframework.boot.web.embedded.tomcat.TomcatWebServer [restartedMain] Tomcat started on port(s): 9053 (http) with context path ''
2022-09-21 16:05:09,236 [INFO] org.springframework.cloud.netflix.eureka.serviceregistry.EurekaAutoServiceRegistration [restartedMain] Updating port to 9053
2022-09-21 16:05:09,252 [INFO] com.netflix.discovery.DiscoveryClient [DiscoveryClient-InstanceInfoReplicator-0] DiscoveryClient_TRAIN-SERVICE/DESKTOP-O8QUISG:train-Service:9053 - registration status: 204
2022-09-21 16:05:09,345 [INFO] com.example.train.TrainServiceApplication [restartedMain] Started TrainServiceApplication in 5.122 seconds (JVM running for 5.949)
2022-09-21 16:10:08,949 [INFO] com.netflix.discovery.shared.resolver.aws.ConfigClusterResolver [AsyncResolver-bootstrap-executor-0] Resolving eureka endpoints via configuration
2022-09-21 16:13:05,813 [INFO] org.apache.catalina.core.ContainerBase.[Tomcat].[localhost].[/] [http-nio-9053-exec-1] Initializing Spring DispatcherServlet 'dispatcherServlet'
2022-09-21 16:13:05,814 [INFO] org.springframework.web.servlet.DispatcherServlet [http-nio-9053-exec-1] Initializing Servlet 'dispatcherServlet'
2022-09-21 16:13:05,817 [INFO] org.springframework.web.servlet.DispatcherServlet [http-nio-9053-exec-1] Completed initialization in 3 ms
2022-09-21 16:13:05,855 [INFO] com.example.train.controller.TrainController [http-nio-9053-exec-1] ----------------------All available trains are displayed-------------------
2022-09-21 16:13:05,936 [INFO] org.mongodb.driver.connection [http-nio-9053-exec-1] Opened connection [connectionId{localValue:3, serverValue:25}] to localhost:27017
2022-09-21 16:14:10,656 [INFO] com.example.train.controller.TrainController [http-nio-9053-exec-3] ----------------------All available trains are displayed-------------------
2022-09-21 16:15:08,953 [INFO] com.netflix.discovery.shared.resolver.aws.ConfigClusterResolver [AsyncResolver-bootstrap-executor-0] Resolving eureka endpoints via configuration
2022-09-21 16:15:09,616 [INFO] com.example.train.controller.TrainController [http-nio-9053-exec-4] ----------------------All available trains are displayed-------------------
2022-09-21 16:15:10,140 [INFO] org.springframework.amqp.rabbit.connection.CachingConnectionFactory [http-nio-9053-exec-5] Attempting to connect to: [localhost:5672]
2022-09-21 16:15:10,225 [INFO] org.springframework.amqp.rabbit.connection.CachingConnectionFactory [http-nio-9053-exec-5] Created new connection: rabbitConnectionFactory#c8954bd:0/SimpleConnection@2060405e [delegate=amqp://guest@127.0.0.1:5672/, localPort= 62341]
2022-09-21 16:15:10,269 [INFO] com.example.train.controller.TrainController [http-nio-9053-exec-5] ----------------------New Train Added-------------------
2022-09-21 16:15:12,549 [INFO] com.example.train.controller.TrainController [http-nio-9053-exec-6] ----------------------All available trains are displayed-------------------
2022-09-21 16:15:25,916 [INFO] com.example.train.controller.TrainController [http-nio-9053-exec-7] ----------------------All available trains are displayed-------------------
2022-09-21 16:15:45,064 [INFO] com.example.train.controller.TrainController [http-nio-9053-exec-8] -----------------------Train Deleted-------------------
2022-09-21 16:15:49,994 [INFO] com.example.train.controller.TrainController [http-nio-9053-exec-9] ----------------------All available trains are displayed-------------------
2022-09-21 16:19:31,834 [INFO] com.example.train.controller.TrainController [http-nio-9053-exec-1] -----------------------Train Details fetched by entering train id-------------------
2022-09-21 16:19:31,849 [INFO] com.example.train.controller.TrainController [http-nio-9053-exec-2] -----------------------Train Details fetched by entering train id-------------------
2022-09-21 16:19:31,858 [INFO] com.example.train.controller.TrainController [http-nio-9053-exec-3] -----------------------Train Information Updated-------------------
2022-09-21 16:20:08,956 [INFO] com.netflix.discovery.shared.resolver.aws.ConfigClusterResolver [AsyncResolver-bootstrap-executor-0] Resolving eureka endpoints via configuration
2022-09-21 16:20:50,587 [INFO] com.example.train.controller.TrainController [http-nio-9053-exec-5] -----------------------Train Details fetched by entering train id-------------------
2022-09-21 16:20:50,593 [INFO] com.example.train.controller.TrainController [http-nio-9053-exec-6] -----------------------Train Information Updated-------------------
2022-09-21 16:25:08,957 [INFO] com.netflix.discovery.shared.resolver.aws.ConfigClusterResolver [AsyncResolver-bootstrap-executor-0] Resolving eureka endpoints via configuration
2022-09-21 16:30:08,960 [INFO] com.netflix.discovery.shared.resolver.aws.ConfigClusterResolver [AsyncResolver-bootstrap-executor-0] Resolving eureka endpoints via configuration
2022-09-21 16:35:08,961 [INFO] com.netflix.discovery.shared.resolver.aws.ConfigClusterResolver [AsyncResolver-bootstrap-executor-0] Resolving eureka endpoints via configuration
2022-09-21 16:40:02,622 [INFO] org.springframework.boot.admin.SpringApplicationAdminMXBeanRegistrar$SpringApplicationAdmin [RMI TCP Connection(44)-127.0.0.1] Application shutdown requested.
2022-09-21 16:40:02,626 [INFO] org.springframework.cloud.netflix.eureka.serviceregistry.EurekaServiceRegistry [RMI TCP Connection(44)-127.0.0.1] Unregistering application TRAIN-SERVICE with eureka with status DOWN
2022-09-21 16:40:02,626 [INFO] com.netflix.discovery.DiscoveryClient [RMI TCP Connection(44)-127.0.0.1] Saw local status change event StatusChangeEvent [timestamp=1663758602626, current=DOWN, previous=UP]
2022-09-21 16:40:02,627 [INFO] com.netflix.discovery.DiscoveryClient [DiscoveryClient-InstanceInfoReplicator-0] DiscoveryClient_TRAIN-SERVICE/DESKTOP-O8QUISG:train-Service:9053: registering service...
2022-09-21 16:40:02,633 [INFO] com.netflix.discovery.DiscoveryClient [DiscoveryClient-InstanceInfoReplicator-0] DiscoveryClient_TRAIN-SERVICE/DESKTOP-O8QUISG:train-Service:9053 - registration status: 204
2022-09-21 16:40:02,685 [INFO] com.netflix.discovery.DiscoveryClient [RMI TCP Connection(44)-127.0.0.1] Shutting down DiscoveryClient ...
2022-09-21 16:40:05,696 [INFO] com.netflix.discovery.DiscoveryClient [RMI TCP Connection(44)-127.0.0.1] Unregistering ...
2022-09-21 16:40:05,700 [INFO] com.netflix.discovery.DiscoveryClient [RMI TCP Connection(44)-127.0.0.1] DiscoveryClient_TRAIN-SERVICE/DESKTOP-O8QUISG:train-Service:9053 - deregister  status: 200
2022-09-21 16:40:05,754 [INFO] com.netflix.discovery.DiscoveryClient [RMI TCP Connection(44)-127.0.0.1] Completed shut down of DiscoveryClient
